<?xml version="1.0" encoding="UTF-8" ?>
<testsuites>
  <testsuite errors="0" failures="0" hostname="ETHEM" id="0" name="AllTests" package="JavaUnit" skipped="0" tests="4" time="0.345" timestamp="2017-08-01T14:54:55">
      <properties>
[...]
</properties>

      <testcase classname="JavaUnit.DemoUnit" name="test_deneme3" time="0.001" />

      <testcase classname="JavaUnit.DemoUnit" name="test_deneme2" time="0.0" />

      <testcase classname="JavaUnit.DemoUnit" name="test_deneme" time="0.001" />

      <testcase classname="JavaUnit.EventTest" name="test" time="0.264" />

      <system-out><![CDATA[in before class
in before
in test case 2
in after
in before
in test case 1
in after
in before
DemoUnit.test()
in after
in after class
]]></system-out>

      <system-err><![CDATA[]]></system-err>

  </testsuite>
  <testsuite errors="0" failures="0" hostname="ETHEM" id="1" name="DemoUnit" package="JavaUnit" skipped="0" tests="3" time="0.078" timestamp="2017-08-01T14:54:55">
      <properties>
[...]
</properties>

      <testcase classname="JavaUnit.DemoUnit" name="test_deneme" time="0.002" />

      <testcase classname="JavaUnit.DemoUnit" name="test_deneme2" time="0.0" />

      <testcase classname="JavaUnit.DemoUnit" name="test_deneme3" time="0.0" />

      <system-out><![CDATA[in before class
in before
DemoUnit.test()
in after
in before
in test case 1
in after
in before
in test case 2
in after
in after class
]]></system-out>

      <system-err><![CDATA[]]></system-err>

  </testsuite>
  <testsuite errors="0" failures="0" hostname="ETHEM" id="2" name="EventTest" package="JavaUnit" skipped="0" tests="1" time="0.181" timestamp="2017-08-01T14:54:56">
      <properties>
[...]
</properties>

      <testcase classname="JavaUnit.EventTest" name="test" time="0.13" />

      <system-out><![CDATA[]]></system-out>

      <system-err><![CDATA[]]></system-err>

  </testsuite>
  <testsuite errors="0" failures="0" hostname="ETHEM" id="3" name="doActionTest" package="JavaUnit" skipped="0" tests="1" time="0.071" timestamp="2017-08-01T14:54:56">
      <properties>
[...]
</properties>

      <testcase classname="JavaUnit.doActionTest" name="test" time="0.019" />

      <system-out><![CDATA[]]></system-out>

      <system-err><![CDATA[]]></system-err>

  </testsuite>
</testsuites>
