<?xml version="1.0" encoding="UTF-8" ?>
<testsuite errors="0" failures="1" hostname="Salih" name="EventTest" skipped="0" tests="1" time="0.213" timestamp="2017-07-31T08:40:46">
  <properties>
[...]
</properties>
  <testcase classname="EventTest" name="multiplicationtest" time="0.145">
    <failure message="expected:&lt;410&gt; but was:&lt;40&gt;" type="junit.framework.AssertionFailedError">junit.framework.AssertionFailedError: expected:&lt;410&gt; but was:&lt;40&gt;
	at EventTest.multiplicationtest(Unknown Source)
</failure>
  </testcase>
  <system-out><![CDATA[]]></system-out>
  <system-err><![CDATA[]]></system-err>
</testsuite>
