<?xml version="1.0" encoding="UTF-8" ?>
<testsuites>
  <testsuite errors="0" failures="1" hostname="Salih" id="0" name="AllTests" package="" skipped="0" tests="5" time="0.209" timestamp="2017-07-31T08:40:45">
      <properties>
[...]
</properties>

      <testcase classname="DemoUnit" name="test_deneme2" time="0.001" />

      <testcase classname="DemoUnit" name="test_deneme3" time="0.0" />

      <testcase classname="DemoUnit" name="test_deneme" time="0.0" />

      <testcase classname="doActionTest" name="test" time="0.007" />

      <testcase classname="EventTest" name="multiplicationtest" time="0.139">
          <failure message="expected:&lt;410&gt; but was:&lt;40&gt;" type="junit.framework.AssertionFailedError">junit.framework.AssertionFailedError: expected:&lt;410&gt; but was:&lt;40&gt;
	at EventTest.multiplicationtest(Unknown Source)
</failure>

      </testcase>

      <system-out><![CDATA[in before class
in before
in test case 1
in after
in before
in test case 2
in after
in before
DemoUnit.test()
in after
in after class
]]></system-out>

      <system-err><![CDATA[]]></system-err>

  </testsuite>
  <testsuite errors="0" failures="0" hostname="Salih" id="1" name="DemoUnit" package="" skipped="0" tests="3" time="0.055" timestamp="2017-07-31T08:40:46">
      <properties>
[...]
</properties>

      <testcase classname="DemoUnit" name="test_deneme2" time="0.002" />

      <testcase classname="DemoUnit" name="test_deneme3" time="0.0" />

      <testcase classname="DemoUnit" name="test_deneme" time="0.0" />

      <system-out><![CDATA[in before class
in before
in test case 1
in after
in before
in test case 2
in after
in before
DemoUnit.test()
in after
in after class
]]></system-out>

      <system-err><![CDATA[]]></system-err>

  </testsuite>
  <testsuite errors="0" failures="1" hostname="Salih" id="2" name="EventTest" package="" skipped="0" tests="1" time="0.213" timestamp="2017-07-31T08:40:46">
      <properties>
[...]
</properties>

      <testcase classname="EventTest" name="multiplicationtest" time="0.145">
          <failure message="expected:&lt;410&gt; but was:&lt;40&gt;" type="junit.framework.AssertionFailedError">junit.framework.AssertionFailedError: expected:&lt;410&gt; but was:&lt;40&gt;
	at EventTest.multiplicationtest(Unknown Source)
</failure>

      </testcase>

      <system-out><![CDATA[]]></system-out>

      <system-err><![CDATA[]]></system-err>

  </testsuite>
  <testsuite errors="0" failures="1" hostname="Salih" id="3" name="AllTests" package="JavaUnit" skipped="0" tests="4" time="0.204" timestamp="2017-07-31T08:40:47">
      <properties>
[...]
</properties>

      <testcase classname="JavaUnit.DemoUnit" name="test" time="0.001" />

      <testcase classname="JavaUnit.DemoUnit" name="testCase1" time="0.0" />

      <testcase classname="JavaUnit.DemoUnit" name="testCase2" time="0.001" />

      <testcase classname="JavaUnit.EventTest" name="test" time="0.138">
          <failure message="expected:&lt;401&gt; but was:&lt;40&gt;" type="junit.framework.AssertionFailedError">junit.framework.AssertionFailedError: expected:&lt;401&gt; but was:&lt;40&gt;
	at JavaUnit.EventTest.test(Unknown Source)
</failure>

      </testcase>

      <system-out><![CDATA[in before class
in before
DemoUnit.test()
in after
in before
in test case 1
in after
in before
in test case 2
in after
in after class
]]></system-out>

      <system-err><![CDATA[]]></system-err>

  </testsuite>
  <testsuite errors="0" failures="0" hostname="Salih" id="4" name="DemoUnit" package="JavaUnit" skipped="0" tests="3" time="0.057" timestamp="2017-07-31T08:40:48">
      <properties>
[...]
</properties>

      <testcase classname="JavaUnit.DemoUnit" name="test" time="0.001" />

      <testcase classname="JavaUnit.DemoUnit" name="testCase2" time="0.0" />

      <testcase classname="JavaUnit.DemoUnit" name="testCase1" time="0.0" />

      <system-out><![CDATA[in before class
in before
DemoUnit.test()
in after
in before
in test case 2
in after
in before
in test case 1
in after
in after class
]]></system-out>

      <system-err><![CDATA[]]></system-err>

  </testsuite>
  <testsuite errors="0" failures="1" hostname="Salih" id="5" name="EventTest" package="JavaUnit" skipped="0" tests="1" time="0.19" timestamp="2017-07-31T08:40:48">
      <properties>
[...]
</properties>

      <testcase classname="JavaUnit.EventTest" name="test" time="0.136">
          <failure message="expected:&lt;401&gt; but was:&lt;40&gt;" type="junit.framework.AssertionFailedError">junit.framework.AssertionFailedError: expected:&lt;401&gt; but was:&lt;40&gt;
	at JavaUnit.EventTest.test(Unknown Source)
</failure>

      </testcase>

      <system-out><![CDATA[]]></system-out>

      <system-err><![CDATA[]]></system-err>

  </testsuite>
  <testsuite errors="0" failures="0" hostname="Salih" id="6" name="doActionTest" package="" skipped="0" tests="1" time="0.06" timestamp="2017-07-31T08:40:49">
      <properties>
[...]
</properties>

      <testcase classname="doActionTest" name="test" time="0.008" />

      <system-out><![CDATA[]]></system-out>

      <system-err><![CDATA[]]></system-err>

  </testsuite>
</testsuites>
