<?xml version="1.0" encoding="UTF-8" ?>
<testsuite errors="0" failures="0" hostname="Salih" name="DemoUnit" skipped="0" tests="3" time="0.058" timestamp="2017-07-28T08:48:21">
  <properties>
[...]
</properties>
  <testcase classname="DemoUnit" name="test" time="0.001" />
  <testcase classname="DemoUnit" name="testCase1" time="0.001" />
  <testcase classname="DemoUnit" name="testCase2" time="0.0" />
  <system-out><![CDATA[in before class
in before
DemoUnit.test()
in after
in before
in test case 1
in after
in before
in test case 2
in after
in after class
]]></system-out>
  <system-err><![CDATA[]]></system-err>
</testsuite>
